2023-11-08 11:01:00,966 INFO o.a.j.u.JMeterUtils: Setting Locale to en_EN
2023-11-08 11:01:00,997 INFO o.a.j.JMeter: Loading user properties from: /test/apache-jmeter-5.6.2/bin/user.properties
2023-11-08 11:01:00,998 INFO o.a.j.JMeter: Loading system properties from: /test/apache-jmeter-5.6.2/bin/system.properties
2023-11-08 11:01:01,012 INFO o.a.j.JMeter: Copyright (c) 1998-2023 The Apache Software Foundation
2023-11-08 11:01:01,012 INFO o.a.j.JMeter: Version 5.6.2
2023-11-08 11:01:01,013 INFO o.a.j.JMeter: java.version=1.8.0_392
2023-11-08 11:01:01,014 INFO o.a.j.JMeter: java.vm.name=OpenJDK 64-Bit Server VM
2023-11-08 11:01:01,015 INFO o.a.j.JMeter: os.name=Linux
2023-11-08 11:01:01,016 INFO o.a.j.JMeter: os.arch=amd64
2023-11-08 11:01:01,016 INFO o.a.j.JMeter: os.version=5.15.90.1-microsoft-standard-WSL2
2023-11-08 11:01:01,018 INFO o.a.j.JMeter: file.encoding=UTF-8
2023-11-08 11:01:01,019 INFO o.a.j.JMeter: java.awt.headless=true
2023-11-08 11:01:01,020 INFO o.a.j.JMeter: Max memory     =1073741824
2023-11-08 11:01:01,021 INFO o.a.j.JMeter: Available Processors =12
2023-11-08 11:01:01,033 INFO o.a.j.JMeter: Default Locale=English (EN)
2023-11-08 11:01:01,035 INFO o.a.j.JMeter: JMeter  Locale=English (EN)
2023-11-08 11:01:01,037 INFO o.a.j.JMeter: JMeterHome=/test/apache-jmeter-5.6.2
2023-11-08 11:01:01,038 INFO o.a.j.JMeter: user.dir  =/test
2023-11-08 11:01:01,039 INFO o.a.j.JMeter: PWD       =/test
2023-11-08 11:01:01,040 INFO o.a.j.JMeter: IP: 172.17.0.3 Name: 552711c309c9 FullName: 552711c309c9
2023-11-08 11:01:01,081 ERROR o.a.j.JMeter: An error occurred: 
org.apache.jmeter.report.config.ConfigurationException: The file /test/python3 doesn't exist or can't be opened
	at org.apache.jmeter.JMeter.runNonGui(JMeter.java:950) ~[ApacheJMeter_core.jar:5.6.2]
	at org.apache.jmeter.JMeter.startNonGui(JMeter.java:940) ~[ApacheJMeter_core.jar:5.6.2]
	at org.apache.jmeter.JMeter.start(JMeter.java:508) [ApacheJMeter_core.jar:5.6.2]
	at sun.reflect.NativeMethodAccessorImpl.invoke0(Native Method) ~[?:1.8.0_392]
	at sun.reflect.NativeMethodAccessorImpl.invoke(NativeMethodAccessorImpl.java:62) ~[?:1.8.0_392]
	at sun.reflect.DelegatingMethodAccessorImpl.invoke(DelegatingMethodAccessorImpl.java:43) ~[?:1.8.0_392]
	at java.lang.reflect.Method.invoke(Method.java:498) ~[?:1.8.0_392]
	at org.apache.jmeter.NewDriver.main(NewDriver.java:259) [ApacheJMeter.jar:5.6.2]
